<?xml version="1.0" encoding="UTF-8"?>
<!-- Generated by org.testng.reporters.JUnitReportReporter -->
<testsuite hostname="Dhruvs-MacBook-Pro.local" name="gapp.model.dao.ApplicationDaoTest" tests="2" failures="0" timestamp="15 Feb 2016 07:03:05 GMT" time="0.338" errors="0">
  <testcase name="getApplications" time="0.094" classname="gapp.model.dao.ApplicationDaoTest"/>
  <testcase name="getAppByUser" time="0.244" classname="gapp.model.dao.ApplicationDaoTest"/>
</testsuite> <!-- gapp.model.dao.ApplicationDaoTest -->
