<?xml version="1.0" encoding="UTF-8"?>
<!-- Generated by org.testng.reporters.JUnitReportReporter -->
<testsuite hostname="Dhruvs-MacBook-Pro.local" name="gapp.model.dao.UserDaoTest" tests="2" failures="0" timestamp="2 Feb 2016 00:02:39 GMT" time="0.309" errors="0">
  <testcase name="getUser" time="0.131" classname="gapp.model.dao.UserDaoTest"/>
  <testcase name="getUsers" time="0.178" classname="gapp.model.dao.UserDaoTest"/>
</testsuite> <!-- gapp.model.dao.UserDaoTest -->
