<?xml version="1.0" encoding="UTF-8"?>
<!-- Generated by org.testng.reporters.JUnitReportReporter -->
<testsuite hostname="Dhruvs-MacBook-Pro.local" name="gapp.model.dao.DepartmentDaoTest" tests="1" failures="0" timestamp="18 Mar 2016 05:55:54 GMT" time="0.016" errors="0">
  <testcase name="getDepartments" time="0.016" classname="gapp.model.dao.DepartmentDaoTest"/>
</testsuite> <!-- gapp.model.dao.DepartmentDaoTest -->
