<?xml version="1.0" encoding="UTF-8"?>
<!-- Generated by org.testng.reporters.JUnitReportReporter -->
<testsuite hostname="Dhruvs-MacBook-Pro.local" name="gapp.model.dao.ApplicationDaoTest" tests="2" failures="0" timestamp="18 Mar 2016 05:55:54 GMT" time="0.550" errors="0">
  <testcase name="getAppByUser" time="0.361" classname="gapp.model.dao.ApplicationDaoTest"/>
  <testcase name="getApplications" time="0.189" classname="gapp.model.dao.ApplicationDaoTest"/>
</testsuite> <!-- gapp.model.dao.ApplicationDaoTest -->
